<?xml version="1.0" encoding="UTF-8"?>
<testng-results skipped="0" failed="1" ignored="0" total="2" passed="1">
  <reporter-output>
  </reporter-output>
  <suite name="Suite" duration-ms="25517" started-at="2019-05-25T10:03:39Z" finished-at="2019-05-25T10:04:05Z">
    <groups>
    </groups>
    <test name="HomeTest" duration-ms="25517" started-at="2019-05-25T10:03:39Z" finished-at="2019-05-25T10:04:05Z">
      <class name="com.redbusFramework.testcases.HomePageTitleTest2">
        <test-method status="PASS" signature="setUp()[pri:0, instance:com.redbusFramework.testcases.HomePageTitleTest2@66a3ffec]" name="setUp" is-config="true" duration-ms="8343" started-at="2019-05-25T15:33:54Z" finished-at="2019-05-25T15:34:02Z">
          <reporter-output>
          </reporter-output>
        </test-method> <!-- setUp -->
        <test-method status="FAIL" signature="verifyHomePageTitle()[pri:0, instance:com.redbusFramework.testcases.HomePageTitleTest2@66a3ffec]" name="verifyHomePageTitle" duration-ms="65" started-at="2019-05-25T15:34:02Z" finished-at="2019-05-25T15:34:02Z">
          <exception class="java.lang.AssertionError">
            <message>
              <![CDATA[expected [Boo Bus Travels, AC Volvo Bus, Hotels & Bus Hire - redBus] but found [Book Bus Travels, AC Volvo Bus, Hotels & Bus Hire - redBus]]]>
            </message>
            <full-stacktrace>
              <![CDATA[java.lang.AssertionError: expected [Boo Bus Travels, AC Volvo Bus, Hotels & Bus Hire - redBus] but found [Book Bus Travels, AC Volvo Bus, Hotels & Bus Hire - redBus]
	at org.testng.Assert.fail(Assert.java:93)
	at org.testng.Assert.failNotEquals(Assert.java:512)
	at org.testng.Assert.assertEqualsImpl(Assert.java:134)
	at org.testng.Assert.assertEquals(Assert.java:115)
	at org.testng.Assert.assertEquals(Assert.java:189)
	at org.testng.Assert.assertEquals(Assert.java:199)
	at com.redbusFramework.testcases.HomePageTitleTest2.verifyHomePageTitle(HomePageTitleTest2.java:39)
	at sun.reflect.NativeMethodAccessorImpl.invoke0(Native Method)
	at sun.reflect.NativeMethodAccessorImpl.invoke(NativeMethodAccessorImpl.java:62)
	at sun.reflect.DelegatingMethodAccessorImpl.invoke(DelegatingMethodAccessorImpl.java:43)
	at java.lang.reflect.Method.invoke(Method.java:498)
	at org.testng.internal.MethodInvocationHelper.invokeMethod(MethodInvocationHelper.java:108)
	at org.testng.internal.Invoker.invokeMethod(Invoker.java:661)
	at org.testng.internal.Invoker.invokeTestMethod(Invoker.java:869)
	at org.testng.internal.Invoker.invokeTestMethods(Invoker.java:1193)
	at org.testng.internal.TestMethodWorker.invokeTestMethods(TestMethodWorker.java:126)
	at org.testng.internal.TestMethodWorker.run(TestMethodWorker.java:109)
	at org.testng.TestRunner.privateRun(TestRunner.java:744)
	at org.testng.TestRunner.run(TestRunner.java:602)
	at org.testng.SuiteRunner.runTest(SuiteRunner.java:380)
	at org.testng.SuiteRunner.access$000(SuiteRunner.java:39)
	at org.testng.SuiteRunner$SuiteWorker.run(SuiteRunner.java:414)
	at org.testng.internal.thread.ThreadUtil$1.call(ThreadUtil.java:52)
	at java.util.concurrent.FutureTask.run(FutureTask.java:266)
	at java.util.concurrent.ThreadPoolExecutor.runWorker(ThreadPoolExecutor.java:1142)
	at java.util.concurrent.ThreadPoolExecutor$Worker.run(ThreadPoolExecutor.java:617)
	at java.lang.Thread.run(Thread.java:745)
]]>
            </full-stacktrace>
          </exception> <!-- java.lang.AssertionError -->
          <reporter-output>
          </reporter-output>
        </test-method> <!-- verifyHomePageTitle -->
        <test-method status="PASS" signature="tearDown()[pri:0, instance:com.redbusFramework.testcases.HomePageTitleTest2@66a3ffec]" name="tearDown" is-config="true" duration-ms="901" started-at="2019-05-25T15:34:04Z" finished-at="2019-05-25T15:34:05Z">
          <reporter-output>
          </reporter-output>
        </test-method> <!-- tearDown -->
      </class> <!-- com.redbusFramework.testcases.HomePageTitleTest2 -->
      <class name="com.redbusFramework.testcases.HomePageTitleTest">
        <test-method status="PASS" signature="setUp()[pri:0, instance:com.redbusFramework.testcases.HomePageTitleTest@3e6fa38a]" name="setUp" is-config="true" duration-ms="13791" started-at="2019-05-25T15:33:39Z" finished-at="2019-05-25T15:33:53Z">
          <reporter-output>
          </reporter-output>
        </test-method> <!-- setUp -->
        <test-method status="PASS" signature="verifyHomePageTitle()[pri:0, instance:com.redbusFramework.testcases.HomePageTitleTest@3e6fa38a]" name="verifyHomePageTitle" duration-ms="68" started-at="2019-05-25T15:33:53Z" finished-at="2019-05-25T15:33:53Z">
          <reporter-output>
          </reporter-output>
        </test-method> <!-- verifyHomePageTitle -->
        <test-method status="PASS" signature="tearDown()[pri:0, instance:com.redbusFramework.testcases.HomePageTitleTest@3e6fa38a]" name="tearDown" is-config="true" duration-ms="861" started-at="2019-05-25T15:33:53Z" finished-at="2019-05-25T15:33:54Z">
          <reporter-output>
          </reporter-output>
        </test-method> <!-- tearDown -->
      </class> <!-- com.redbusFramework.testcases.HomePageTitleTest -->
    </test> <!-- HomeTest -->
  </suite> <!-- Suite -->
</testng-results>
